# JRE version: OpenJDK Runtime Environment (17.0.10) (build 17.0.10+0--11572160)
# Java VM: OpenJDK 64-Bit Server VM (17.0.10+0--11572160, mixed mode, tiered, compressed oops, compressed class ptrs, g1 gc, windows-amd64)
GC Precious Log:
 CPUs: 8 total, 8 available
 Memory: 16347M
 Large Page Support: Disabled
 NUMA Support: Disabled
 Compressed Oops: Enabled (32-bit)
 Heap Region Size: 1M
 Heap Min Capacity: 8M
 Heap Initial Capacity: 256M
 Heap Max Capacity: 2G
 Pre-touch: Disabled
 Parallel Workers: 8
 Concurrent Workers: 2
 Concurrent Refinement Workers: 8
 Periodic GC: Disabled
Heap:
 garbage-first heap   total 445440K, used 227022K [0x0000000080000000, 0x0000000100000000)
  region size 1024K, 1 young (1024K), 1 survivors (1024K)
 Metaspace       used 138636K, committed 139712K, reserved 1179648K
  class space    used 18596K, committed 19136K, reserved 1048576K
GC Heap History (20 events):
Event: 1540.558 GC heap after
{Heap after GC invocations=83 (full 0):
 garbage-first heap   total 419840K, used 105018K [0x0000000080000000, 0x0000000100000000)
  region size 1024K, 1 young (1024K), 1 survivors (1024K)
 Metaspace       used 115725K, committed 116608K, reserved 1179648K
  class space    used 15360K, committed 15808K, reserved 1048576K
}
Event: 1541.162 GC heap before
{Heap before GC invocations=83 (full 0):
 garbage-first heap   total 419840K, used 130618K [0x0000000080000000, 0x0000000100000000)
  region size 1024K, 28 young (28672K), 1 survivors (1024K)
 Metaspace       used 120695K, committed 121536K, reserved 1179648K
  class space    used 15986K, committed 16384K, reserved 1048576K
}
Event: 1541.165 GC heap after
{Heap after GC invocations=84 (full 0):
 garbage-first heap   total 419840K, used 106619K [0x0000000080000000, 0x0000000100000000)
  region size 1024K, 3 young (3072K), 3 survivors (3072K)
 Metaspace       used 120695K, committed 121536K, reserved 1179648K
  class space    used 15986K, committed 16384K, reserved 1048576K
}
Event: 1585.363 GC heap before
{Heap before GC invocations=85 (full 0):
 garbage-first heap   total 393216K, used 284795K [0x0000000080000000, 0x0000000100000000)
  region size 1024K, 174 young (178176K), 3 survivors (3072K)
 Metaspace       used 124368K, committed 125440K, reserved 1179648K
  class space    used 16473K, committed 17024K, reserved 1048576K
}
Event: 1585.376 GC heap after
{Heap after GC invocations=86 (full 0):
 garbage-first heap   total 393216K, used 119329K [0x0000000080000000, 0x0000000100000000)
  region size 1024K, 11 young (11264K), 11 survivors (11264K)
 Metaspace       used 124368K, committed 125440K, reserved 1179648K
  class space    used 16473K, committed 17024K, reserved 1048576K
}
Event: 1585.579 GC heap before
{Heap before GC invocations=86 (full 0):
 garbage-first heap   total 393216K, used 126497K [0x0000000080000000, 0x0000000100000000)
  region size 1024K, 19 young (19456K), 11 survivors (11264K)
 Metaspace       used 125426K, committed 126464K, reserved 1179648K
  class space    used 16627K, committed 17152K, reserved 1048576K
}
Event: 1585.588 GC heap after
{Heap after GC invocations=87 (full 0):
 garbage-first heap   total 393216K, used 112607K [0x0000000080000000, 0x0000000100000000)
  region size 1024K, 2 young (2048K), 2 survivors (2048K)
 Metaspace       used 125426K, committed 126464K, reserved 1179648K
  class space    used 16627K, committed 17152K, reserved 1048576K
}
Event: 1587.074 GC heap before
{Heap before GC invocations=87 (full 0):
 garbage-first heap   total 393216K, used 197599K [0x0000000080000000, 0x0000000100000000)
  region size 1024K, 86 young (88064K), 2 survivors (2048K)
 Metaspace       used 135775K, committed 136832K, reserved 1179648K
  class space    used 18143K, committed 18688K, reserved 1048576K
}
Event: 1587.079 GC heap after
{Heap after GC invocations=88 (full 0):
 garbage-first heap   total 393216K, used 113792K [0x0000000080000000, 0x0000000100000000)
  region size 1024K, 3 young (3072K), 3 survivors (3072K)
 Metaspace       used 135775K, committed 136832K, reserved 1179648K
  class space    used 18143K, committed 18688K, reserved 1048576K
}
Event: 1589.842 GC heap before
{Heap before GC invocations=89 (full 0):
 garbage-first heap   total 393216K, used 348288K [0x0000000080000000, 0x0000000100000000)
  region size 1024K, 189 young (193536K), 3 survivors (3072K)
 Metaspace       used 138041K, committed 139072K, reserved 1179648K
  class space    used 18570K, committed 19072K, reserved 1048576K
}
Event: 1589.910 GC heap after
{Heap after GC invocations=90 (full 0):
 garbage-first heap   total 418816K, used 189890K [0x0000000080000000, 0x0000000100000000)
  region size 1024K, 24 young (24576K), 24 survivors (24576K)
 Metaspace       used 138041K, committed 139072K, reserved 1179648K
  class space    used 18570K, committed 19072K, reserved 1048576K
}
Event: 1589.928 GC heap before
{Heap before GC invocations=90 (full 0):
 garbage-first heap   total 418816K, used 190914K [0x0000000080000000, 0x0000000100000000)
  region size 1024K, 25 young (25600K), 24 survivors (24576K)
 Metaspace       used 138041K, committed 139072K, reserved 1179648K
  class space    used 18570K, committed 19072K, reserved 1048576K
}
Event: 1589.971 GC heap after
{Heap after GC invocations=91 (full 0):
 garbage-first heap   total 418816K, used 188276K [0x0000000080000000, 0x0000000100000000)
  region size 1024K, 1 young (1024K), 1 survivors (1024K)
 Metaspace       used 138041K, committed 139072K, reserved 1179648K
  class space    used 18570K, committed 19072K, reserved 1048576K
}
Event: 1590.255 GC heap before
{Heap before GC invocations=91 (full 0):
 garbage-first heap   total 418816K, used 198516K [0x0000000080000000, 0x0000000100000000)
  region size 1024K, 12 young (12288K), 1 survivors (1024K)
 Metaspace       used 138144K, committed 139200K, reserved 1179648K
  class space    used 18574K, committed 19072K, reserved 1048576K
}
Event: 1590.259 GC heap after
{Heap after GC invocations=92 (full 0):
 garbage-first heap   total 418816K, used 189257K [0x0000000080000000, 0x0000000100000000)
  region size 1024K, 2 young (2048K), 2 survivors (2048K)
 Metaspace       used 138144K, committed 139200K, reserved 1179648K
  class space    used 18574K, committed 19072K, reserved 1048576K
}
Event: 1593.005 GC heap before
{Heap before GC invocations=93 (full 0):
 garbage-first heap   total 418816K, used 336713K [0x0000000080000000, 0x0000000100000000)
  region size 1024K, 125 young (128000K), 2 survivors (2048K)
 Metaspace       used 138473K, committed 139520K, reserved 1179648K
  class space    used 18593K, committed 19136K, reserved 1048576K
}
Event: 1593.032 GC heap after
{Heap after GC invocations=94 (full 0):
 garbage-first heap   total 418816K, used 229861K [0x0000000080000000, 0x0000000100000000)
  region size 1024K, 16 young (16384K), 16 survivors (16384K)
 Metaspace       used 138473K, committed 139520K, reserved 1179648K
  class space    used 18593K, committed 19136K, reserved 1048576K
}
Event: 1593.119 GC heap before
{Heap before GC invocations=94 (full 0):
 garbage-first heap   total 418816K, used 244197K [0x0000000080000000, 0x0000000100000000)
  region size 1024K, 20 young (20480K), 16 survivors (16384K)
 Metaspace       used 138489K, committed 139584K, reserved 1179648K
  class space    used 18593K, committed 19136K, reserved 1048576K
}
Event: 1593.133 GC heap after
{Heap after GC invocations=95 (full 0):
 garbage-first heap   total 418816K, used 228003K [0x0000000080000000, 0x0000000100000000)
  region size 1024K, 2 young (2048K), 2 survivors (2048K)
 Metaspace       used 138489K, committed 139584K, reserved 1179648K
  class space    used 18593K, committed 19136K, reserved 1048576K
}
Event: 1593.749 GC heap before
{Heap before GC invocations=95 (full 0):
 garbage-first heap   total 418816K, used 274083K [0x0000000080000000, 0x0000000100000000)
  region size 1024K, 48 young (49152K), 2 survivors (2048K)
 Metaspace       used 138636K, committed 139712K, reserved 1179648K
  class space    used 18596K, committed 19136K, reserved 1048576K
}

